2025-09-17 00:12:28,463 [INFO] Read all products.
2025-09-17 00:13:22,447 [INFO] Read product by ID.
2025-09-17 00:13:59,006 [INFO] Product created.
2025-09-17 00:14:23,754 [INFO] Read product by ID.
2025-09-17 00:14:37,322 [INFO] Updated product by ID.
2025-09-17 00:14:43,577 [INFO] Read all products.
2025-09-17 00:32:23,996 [INFO] BEGIN (implicit)
2025-09-17 00:32:23,996 [INFO] PRAGMA main.table_info("products")
2025-09-17 00:32:23,996 [INFO] [raw sql] ()
2025-09-17 00:32:23,996 [INFO] PRAGMA temp.table_info("products")
2025-09-17 00:32:23,996 [INFO] [raw sql] ()
2025-09-17 00:32:23,997 [INFO] 
CREATE TABLE products (
	id INTEGER NOT NULL, 
	name VARCHAR(255) NOT NULL, 
	qty INTEGER NOT NULL, 
	price FLOAT NOT NULL, 
	PRIMARY KEY (id)
)


2025-09-17 00:32:23,997 [INFO] [no key 0.00006s] ()
2025-09-17 00:32:23,997 [INFO] COMMIT
2025-09-17 00:34:09,503 [INFO] BEGIN (implicit)
2025-09-17 00:34:09,503 [INFO] PRAGMA main.table_info("products")
2025-09-17 00:34:09,503 [INFO] [raw sql] ()
2025-09-17 00:34:09,504 [INFO] COMMIT
2025-09-17 00:36:00,339 [INFO] BEGIN (implicit)
2025-09-17 00:36:00,339 [INFO] PRAGMA main.table_info("products")
2025-09-17 00:36:00,339 [INFO] [raw sql] ()
2025-09-17 00:36:00,339 [INFO] COMMIT
